


ARM Macro Assembler    Page 1 


    1 00000000         ;******************** (C) COPYRIGHT 2017 MindMotion ****
                       ****************
    2 00000000         ; Amount of memory (in bytes) allocated for Stack
    3 00000000         ; Tailor this value to your application needs
    4 00000000         ; <h> Stack Configuration
    5 00000000         ;   <o> Stack Size (in Bytes) <0x0-0xFFFFFFFF:8>
    6 00000000         ; </h>
    7 00000000         
    8 00000000 00000400 
                       Stack_Size
                               EQU              0x00000400
    9 00000000         
   10 00000000                 AREA             STACK, NOINIT, READWRITE, ALIGN
=3
   11 00000000         Stack_Mem
                               SPACE            Stack_Size
   12 00000400         __initial_sp
   13 00000400         
   14 00000400         
   15 00000400         ; <h> Heap Configuration
   16 00000400         ;   <o>  Heap Size (in Bytes) <0x0-0xFFFFFFFF:8>
   17 00000400         ; </h>
   18 00000400         
   19 00000400 00000200 
                       Heap_Size
                               EQU              0x00000200
   20 00000400         
   21 00000400                 AREA             HEAP, NOINIT, READWRITE, ALIGN=
3
   22 00000000         __heap_base
   23 00000000         Heap_Mem
                               SPACE            Heap_Size
   24 00000200         __heap_limit
   25 00000200         
   26 00000200                 PRESERVE8
   27 00000200                 THUMB
   28 00000200         
   29 00000200         
   30 00000200         ; Vector Table Mapped to Address 0 at Reset
   31 00000200                 AREA             RESET, DATA, READONLY
   32 00000000                 EXPORT           __Vectors
   33 00000000                 EXPORT           __Vectors_End
   34 00000000                 EXPORT           __Vectors_Size
   35 00000000         
   36 00000000 00000000 
                       __Vectors
                               DCD              __initial_sp ; Top of Stack
   37 00000004 00000000        DCD              Reset_Handler ; Reset Handler
   38 00000008 00000000        DCD              NMI_Handler ; NMI Handler
   39 0000000C 00000000        DCD              HardFault_Handler ; Hard Fault 
                                                            Handler
   40 00000010 00000000        DCD              0           ; Reserved
   41 00000014 00000000        DCD              0           ; Reserved
   42 00000018 00000000        DCD              0           ; Reserved
   43 0000001C 00000000        DCD              0           ; Reserved
   44 00000020 00000000        DCD              0           ; Reserved
   45 00000024 00000000        DCD              0           ; Reserved
   46 00000028 00000000        DCD              0           ; Reserved
   47 0000002C 00000000        DCD              SVC_Handler ; SVCall Handler



ARM Macro Assembler    Page 2 


   48 00000030 00000000        DCD              0           ; Reserved
   49 00000034 00000000        DCD              0           ; Reserved
   50 00000038 00000000        DCD              PendSV_Handler ; PendSV Handler
                                                            
   51 0000003C 00000000        DCD              SysTick_Handler 
                                                            ; SysTick Handler
   52 00000040         
   53 00000040         ; External Interrupts
   54 00000040 00000000        DCD              WWDG_IRQHandler 
                                                            ; Window Watchdog
   55 00000044 00000000        DCD              PVD_IRQHandler ; PVD through EX
                                                            TI Line detect
   56 00000048 00000000        DCD              RTC_IRQHandler ; RTC through EX
                                                            TI Line & Tamper
   57 0000004C 00000000        DCD              FLASH_IRQHandler ; FLASH
   58 00000050 00000000        DCD              RCC_CRS_IRQHandler ; RCC & CRS
   59 00000054 00000000        DCD              EXTI0_1_IRQHandler 
                                                            ; EXTI Line 0 and 1
                                                            
   60 00000058 00000000        DCD              EXTI2_3_IRQHandler 
                                                            ; EXTI Line 2 and 3
                                                            
   61 0000005C 00000000        DCD              EXTI4_15_IRQHandler 
                                                            ; EXTI Line 4 to 15
                                                            
   62 00000060 00000000        DCD              0           ; Reserved
   63 00000064 00000000        DCD              DMA1_Channel1_IRQHandler 
                                                            ; DMA1 Channel 1
   64 00000068 00000000        DCD              DMA1_Channel2_3_IRQHandler ; DM
                                                            A1 Channel 2 and Ch
                                                            annel 3
   65 0000006C 00000000        DCD              DMA1_Channel4_5_IRQHandler ; DM
                                                            A1 Channel 4 and Ch
                                                            annel 5
   66 00000070 00000000        DCD              ADC_COMP_IRQHandler 
                                                            ; ADC1 & COMP
   67 00000074 00000000        DCD              TIM1_BRK_UP_TRG_COM_IRQHandler 
                                                            ; TIM1 Break, Updat
                                                            e, Trigger and Comm
                                                            utation
   68 00000078 00000000        DCD              TIM1_CC_IRQHandler ; TIM1 Captu
                                                            re Compare
   69 0000007C 00000000        DCD              TIM2_IRQHandler ; TIM2
   70 00000080 00000000        DCD              TIM3_IRQHandler ; TIM3
   71 00000084 00000000        DCD              0           ; Reserved
   72 00000088 00000000        DCD              0           ; Reserved
   73 0000008C 00000000        DCD              TIM14_IRQHandler ; TIM14
   74 00000090 00000000        DCD              0           ; Reserved
   75 00000094 00000000        DCD              TIM16_IRQHandler ; TIM16
   76 00000098 00000000        DCD              TIM17_IRQHandler ; TIM17
   77 0000009C 00000000        DCD              I2C1_IRQHandler ; I2C1
   78 000000A0 00000000        DCD              0           ; Reserved
   79 000000A4 00000000        DCD              SPI1_IRQHandler ; SPI1
   80 000000A8 00000000        DCD              SPI2_IRQHandler ; SPI2
   81 000000AC 00000000        DCD              UART1_IRQHandler ; UART1
   82 000000B0 00000000        DCD              UART2_IRQHandler ; UART2
   83 000000B4         
   84 000000B4         
   85 000000B4         __Vectors_End



ARM Macro Assembler    Page 3 


   86 000000B4         
   87 000000B4 000000B4 
                       __Vectors_Size
                               EQU              __Vectors_End - __Vectors
   88 000000B4         
   89 000000B4                 AREA             |.text|, CODE, READONLY
   90 00000000         
   91 00000000         ; Reset handler routine
   92 00000000         Reset_Handler
                               PROC
   93 00000000                 EXPORT           Reset_Handler                 [
WEAK]
   94 00000000                 IMPORT           __main
   95 00000000                 IMPORT           SystemInit
   96 00000000         
   97 00000000         
   98 00000000 480C            LDR              R0, =__initial_sp ; set stack p
                                                            ointer 
   99 00000002 F380 8808       MSR              MSP, R0
  100 00000006         
  101 00000006         ;;Check if boot space corresponds to test memory 
  102 00000006         
  103 00000006 480C            LDR              R0,=0x00000004
  104 00000008 6801            LDR              R1, [R0]
  105 0000000A 0E09            LSRS             R1, R1, #24
  106 0000000C 4A0B            LDR              R2,=0x1F
  107 0000000E 4291            CMP              R1, R2
  108 00000010         
  109 00000010 D105            BNE              ApplicationStart
  110 00000012         
  111 00000012         ;; SYSCFG clock enable    
  112 00000012         
  113 00000012 480B            LDR              R0,=0x40021018
  114 00000014 490B            LDR              R1,=0x00000001
  115 00000016 6001            STR              R1, [R0]
  116 00000018         
  117 00000018         ;; Set CFGR1 register with flash memory remap at address
                        0
  118 00000018         
  119 00000018 480B            LDR              R0,=0x40010000
  120 0000001A 490C            LDR              R1,=0x00000000
  121 0000001C 6001            STR              R1, [R0]
  122 0000001E         ApplicationStart
  123 0000001E 480C            LDR              R0, =SystemInit
  124 00000020 4780            BLX              R0
  125 00000022 480C            LDR              R0, =__main
  126 00000024 4700            BX               R0
  127 00000026                 ENDP
  128 00000026         
  129 00000026         ; Dummy Exception Handlers (infinite loops which can be 
                       modified)
  130 00000026         
  131 00000026         NMI_Handler
                               PROC
  132 00000026                 EXPORT           NMI_Handler                    
[WEAK]
  133 00000026 E7FE            B                .
  134 00000028                 ENDP
  136 00000028         HardFault_Handler



ARM Macro Assembler    Page 4 


                               PROC
  137 00000028                 EXPORT           HardFault_Handler              
[WEAK]
  138 00000028 E7FE            B                .
  139 0000002A                 ENDP
  140 0000002A         SVC_Handler
                               PROC
  141 0000002A                 EXPORT           SVC_Handler                    
[WEAK]
  142 0000002A E7FE            B                .
  143 0000002C                 ENDP
  144 0000002C         PendSV_Handler
                               PROC
  145 0000002C                 EXPORT           PendSV_Handler                 
[WEAK]
  146 0000002C E7FE            B                .
  147 0000002E                 ENDP
  148 0000002E         SysTick_Handler
                               PROC
  149 0000002E                 EXPORT           SysTick_Handler                
[WEAK]
  150 0000002E E7FE            B                .
  151 00000030                 ENDP
  152 00000030         
  153 00000030         Default_Handler
                               PROC
  154 00000030         
  155 00000030                 EXPORT           WWDG_IRQHandler                
[WEAK]
  156 00000030                 EXPORT           PVD_IRQHandler                 
[WEAK]
  157 00000030                 EXPORT           RTC_IRQHandler                 
[WEAK]
  158 00000030                 EXPORT           FLASH_IRQHandler               
[WEAK]
  159 00000030                 EXPORT           RCC_CRS_IRQHandler             
[WEAK]
  160 00000030                 EXPORT           EXTI0_1_IRQHandler             
[WEAK]
  161 00000030                 EXPORT           EXTI2_3_IRQHandler             
[WEAK]
  162 00000030                 EXPORT           EXTI4_15_IRQHandler            
[WEAK]
  163 00000030                 EXPORT           DMA1_Channel1_IRQHandler       
[WEAK]
  164 00000030                 EXPORT           DMA1_Channel2_3_IRQHandler     
[WEAK]
  165 00000030                 EXPORT           DMA1_Channel4_5_IRQHandler     
[WEAK]
  166 00000030                 EXPORT           ADC_COMP_IRQHandler            
[WEAK]
  167 00000030                 EXPORT           TIM1_BRK_UP_TRG_COM_IRQHandler 
[WEAK]
  168 00000030                 EXPORT           TIM1_CC_IRQHandler             
[WEAK]
  169 00000030                 EXPORT           TIM2_IRQHandler                
[WEAK]
  170 00000030                 EXPORT           TIM3_IRQHandler                
[WEAK]



ARM Macro Assembler    Page 5 


  171 00000030                 EXPORT           TIM14_IRQHandler               
[WEAK]
  172 00000030                 EXPORT           TIM16_IRQHandler               
[WEAK]
  173 00000030                 EXPORT           TIM17_IRQHandler               
[WEAK]
  174 00000030                 EXPORT           I2C1_IRQHandler                
[WEAK]
  175 00000030                 EXPORT           SPI1_IRQHandler                
[WEAK]
  176 00000030                 EXPORT           SPI2_IRQHandler                
[WEAK]
  177 00000030                 EXPORT           UART1_IRQHandler               
[WEAK]
  178 00000030                 EXPORT           UART2_IRQHandler               
[WEAK]
  179 00000030         
  180 00000030         
  181 00000030         
  182 00000030         WWDG_IRQHandler
  183 00000030         PVD_IRQHandler
  184 00000030         RTC_IRQHandler
  185 00000030         FLASH_IRQHandler
  186 00000030         RCC_CRS_IRQHandler
  187 00000030         EXTI0_1_IRQHandler
  188 00000030         EXTI2_3_IRQHandler
  189 00000030         EXTI4_15_IRQHandler
  190 00000030         DMA1_Channel1_IRQHandler
  191 00000030         DMA1_Channel2_3_IRQHandler
  192 00000030         DMA1_Channel4_5_IRQHandler
  193 00000030         ADC_COMP_IRQHandler
  194 00000030         TIM1_BRK_UP_TRG_COM_IRQHandler
  195 00000030         TIM1_CC_IRQHandler
  196 00000030         TIM2_IRQHandler
  197 00000030         TIM3_IRQHandler
  198 00000030         TIM14_IRQHandler
  199 00000030         TIM16_IRQHandler
  200 00000030         TIM17_IRQHandler
  201 00000030         I2C1_IRQHandler
  202 00000030         SPI1_IRQHandler
  203 00000030         SPI2_IRQHandler
  204 00000030         UART1_IRQHandler
  205 00000030         UART2_IRQHandler
  206 00000030         
  207 00000030         
  208 00000030 E7FE            B                .
  209 00000032         
  210 00000032                 ENDP
  211 00000032         
  212 00000032 00 00           ALIGN
  213 00000034         
  214 00000034         ;*******************************************************
                       ************************
  215 00000034         ; User Stack and Heap initialization
  216 00000034         ;*******************************************************
                       ************************
  217 00000034                 IF               :DEF:__MICROLIB
  218 00000034         
  219 00000034                 EXPORT           __initial_sp



ARM Macro Assembler    Page 6 


  220 00000034                 EXPORT           __heap_base
  221 00000034                 EXPORT           __heap_limit
  222 00000034         
  223 00000034                 ELSE
  238                          ENDIF
  239 00000034         
  240 00000034                 END
              00000000 
              00000004 
              0000001F 
              40021018 
              00000001 
              40010000 
              00000000 
              00000000 
              00000000 
Command Line: --debug --xref --diag_suppress=9931 --cpu=Cortex-M0 --apcs=interw
ork --depend=..\output\startup_mm32f031x8.d -o..\output\startup_mm32f031x8.o -I
Z:\mm32\git\jy-zb-mcu\app_proj\RTE -IE:\Keil_v5\ARM\PACK\ARM\CMSIS\4.5.0\CMSIS\
Include -IE:\Keil_v5\ARM\PACK\MindMotion\MM32F031_DFP\1.3.6\Device\MM32F031xxn\
Include --predefine="__EVAL SETA 1" --predefine="__MICROLIB SETA 1" --predefine
="__UVISION_VERSION SETA 518" --predefine="_RTE_ SETA 1" --predefine="MM32F031K
6U SETA 1" --list=.\listings\startup_mm32f031x8.lst ..\MM32F0xx_library\MM32F03
1x8\Source\KEIL_StartAsm\startup_MM32F031x8.s



ARM Macro Assembler    Page 1 Alphabetic symbol ordering
Relocatable symbols

STACK 00000000

Symbol: STACK
   Definitions
      At line 10 in file ..\MM32F0xx_library\MM32F031x8\Source\KEIL_StartAsm\st
artup_MM32F031x8.s
   Uses
      None
Comment: STACK unused
Stack_Mem 00000000

Symbol: Stack_Mem
   Definitions
      At line 11 in file ..\MM32F0xx_library\MM32F031x8\Source\KEIL_StartAsm\st
artup_MM32F031x8.s
   Uses
      None
Comment: Stack_Mem unused
__initial_sp 00000400

Symbol: __initial_sp
   Definitions
      At line 12 in file ..\MM32F0xx_library\MM32F031x8\Source\KEIL_StartAsm\st
artup_MM32F031x8.s
   Uses
      At line 36 in file ..\MM32F0xx_library\MM32F031x8\Source\KEIL_StartAsm\st
artup_MM32F031x8.s
      At line 98 in file ..\MM32F0xx_library\MM32F031x8\Source\KEIL_StartAsm\st
artup_MM32F031x8.s
      At line 219 in file ..\MM32F0xx_library\MM32F031x8\Source\KEIL_StartAsm\s
tartup_MM32F031x8.s

3 symbols



ARM Macro Assembler    Page 1 Alphabetic symbol ordering
Relocatable symbols

HEAP 00000000

Symbol: HEAP
   Definitions
      At line 21 in file ..\MM32F0xx_library\MM32F031x8\Source\KEIL_StartAsm\st
artup_MM32F031x8.s
   Uses
      None
Comment: HEAP unused
Heap_Mem 00000000

Symbol: Heap_Mem
   Definitions
      At line 23 in file ..\MM32F0xx_library\MM32F031x8\Source\KEIL_StartAsm\st
artup_MM32F031x8.s
   Uses
      None
Comment: Heap_Mem unused
__heap_base 00000000

Symbol: __heap_base
   Definitions
      At line 22 in file ..\MM32F0xx_library\MM32F031x8\Source\KEIL_StartAsm\st
artup_MM32F031x8.s
   Uses
      At line 220 in file ..\MM32F0xx_library\MM32F031x8\Source\KEIL_StartAsm\s
tartup_MM32F031x8.s
Comment: __heap_base used once
__heap_limit 00000200

Symbol: __heap_limit
   Definitions
      At line 24 in file ..\MM32F0xx_library\MM32F031x8\Source\KEIL_StartAsm\st
artup_MM32F031x8.s
   Uses
      At line 221 in file ..\MM32F0xx_library\MM32F031x8\Source\KEIL_StartAsm\s
tartup_MM32F031x8.s
Comment: __heap_limit used once
4 symbols



ARM Macro Assembler    Page 1 Alphabetic symbol ordering
Relocatable symbols

RESET 00000000

Symbol: RESET
   Definitions
      At line 31 in file ..\MM32F0xx_library\MM32F031x8\Source\KEIL_StartAsm\st
artup_MM32F031x8.s
   Uses
      None
Comment: RESET unused
__Vectors 00000000

Symbol: __Vectors
   Definitions
      At line 36 in file ..\MM32F0xx_library\MM32F031x8\Source\KEIL_StartAsm\st
artup_MM32F031x8.s
   Uses
      At line 32 in file ..\MM32F0xx_library\MM32F031x8\Source\KEIL_StartAsm\st
artup_MM32F031x8.s
      At line 87 in file ..\MM32F0xx_library\MM32F031x8\Source\KEIL_StartAsm\st
artup_MM32F031x8.s

__Vectors_End 000000B4

Symbol: __Vectors_End
   Definitions
      At line 85 in file ..\MM32F0xx_library\MM32F031x8\Source\KEIL_StartAsm\st
artup_MM32F031x8.s
   Uses
      At line 33 in file ..\MM32F0xx_library\MM32F031x8\Source\KEIL_StartAsm\st
artup_MM32F031x8.s
      At line 87 in file ..\MM32F0xx_library\MM32F031x8\Source\KEIL_StartAsm\st
artup_MM32F031x8.s

3 symbols



ARM Macro Assembler    Page 1 Alphabetic symbol ordering
Relocatable symbols

.text 00000000

Symbol: .text
   Definitions
      At line 89 in file ..\MM32F0xx_library\MM32F031x8\Source\KEIL_StartAsm\st
artup_MM32F031x8.s
   Uses
      None
Comment: .text unused
ADC_COMP_IRQHandler 00000030

Symbol: ADC_COMP_IRQHandler
   Definitions
      At line 193 in file ..\MM32F0xx_library\MM32F031x8\Source\KEIL_StartAsm\s
tartup_MM32F031x8.s
   Uses
      At line 66 in file ..\MM32F0xx_library\MM32F031x8\Source\KEIL_StartAsm\st
artup_MM32F031x8.s
      At line 166 in file ..\MM32F0xx_library\MM32F031x8\Source\KEIL_StartAsm\s
tartup_MM32F031x8.s

ApplicationStart 0000001E

Symbol: ApplicationStart
   Definitions
      At line 122 in file ..\MM32F0xx_library\MM32F031x8\Source\KEIL_StartAsm\s
tartup_MM32F031x8.s
   Uses
      At line 109 in file ..\MM32F0xx_library\MM32F031x8\Source\KEIL_StartAsm\s
tartup_MM32F031x8.s
Comment: ApplicationStart used once
DMA1_Channel1_IRQHandler 00000030

Symbol: DMA1_Channel1_IRQHandler
   Definitions
      At line 190 in file ..\MM32F0xx_library\MM32F031x8\Source\KEIL_StartAsm\s
tartup_MM32F031x8.s
   Uses
      At line 63 in file ..\MM32F0xx_library\MM32F031x8\Source\KEIL_StartAsm\st
artup_MM32F031x8.s
      At line 163 in file ..\MM32F0xx_library\MM32F031x8\Source\KEIL_StartAsm\s
tartup_MM32F031x8.s

DMA1_Channel2_3_IRQHandler 00000030

Symbol: DMA1_Channel2_3_IRQHandler
   Definitions
      At line 191 in file ..\MM32F0xx_library\MM32F031x8\Source\KEIL_StartAsm\s
tartup_MM32F031x8.s
   Uses
      At line 64 in file ..\MM32F0xx_library\MM32F031x8\Source\KEIL_StartAsm\st
artup_MM32F031x8.s
      At line 164 in file ..\MM32F0xx_library\MM32F031x8\Source\KEIL_StartAsm\s
tartup_MM32F031x8.s

DMA1_Channel4_5_IRQHandler 00000030

Symbol: DMA1_Channel4_5_IRQHandler
   Definitions



ARM Macro Assembler    Page 2 Alphabetic symbol ordering
Relocatable symbols

      At line 192 in file ..\MM32F0xx_library\MM32F031x8\Source\KEIL_StartAsm\s
tartup_MM32F031x8.s
   Uses
      At line 65 in file ..\MM32F0xx_library\MM32F031x8\Source\KEIL_StartAsm\st
artup_MM32F031x8.s
      At line 165 in file ..\MM32F0xx_library\MM32F031x8\Source\KEIL_StartAsm\s
tartup_MM32F031x8.s

Default_Handler 00000030

Symbol: Default_Handler
   Definitions
      At line 153 in file ..\MM32F0xx_library\MM32F031x8\Source\KEIL_StartAsm\s
tartup_MM32F031x8.s
   Uses
      None
Comment: Default_Handler unused
EXTI0_1_IRQHandler 00000030

Symbol: EXTI0_1_IRQHandler
   Definitions
      At line 187 in file ..\MM32F0xx_library\MM32F031x8\Source\KEIL_StartAsm\s
tartup_MM32F031x8.s
   Uses
      At line 59 in file ..\MM32F0xx_library\MM32F031x8\Source\KEIL_StartAsm\st
artup_MM32F031x8.s
      At line 160 in file ..\MM32F0xx_library\MM32F031x8\Source\KEIL_StartAsm\s
tartup_MM32F031x8.s

EXTI2_3_IRQHandler 00000030

Symbol: EXTI2_3_IRQHandler
   Definitions
      At line 188 in file ..\MM32F0xx_library\MM32F031x8\Source\KEIL_StartAsm\s
tartup_MM32F031x8.s
   Uses
      At line 60 in file ..\MM32F0xx_library\MM32F031x8\Source\KEIL_StartAsm\st
artup_MM32F031x8.s
      At line 161 in file ..\MM32F0xx_library\MM32F031x8\Source\KEIL_StartAsm\s
tartup_MM32F031x8.s

EXTI4_15_IRQHandler 00000030

Symbol: EXTI4_15_IRQHandler
   Definitions
      At line 189 in file ..\MM32F0xx_library\MM32F031x8\Source\KEIL_StartAsm\s
tartup_MM32F031x8.s
   Uses
      At line 61 in file ..\MM32F0xx_library\MM32F031x8\Source\KEIL_StartAsm\st
artup_MM32F031x8.s
      At line 162 in file ..\MM32F0xx_library\MM32F031x8\Source\KEIL_StartAsm\s
tartup_MM32F031x8.s

FLASH_IRQHandler 00000030

Symbol: FLASH_IRQHandler
   Definitions
      At line 185 in file ..\MM32F0xx_library\MM32F031x8\Source\KEIL_StartAsm\s
tartup_MM32F031x8.s



ARM Macro Assembler    Page 3 Alphabetic symbol ordering
Relocatable symbols

   Uses
      At line 57 in file ..\MM32F0xx_library\MM32F031x8\Source\KEIL_StartAsm\st
artup_MM32F031x8.s
      At line 158 in file ..\MM32F0xx_library\MM32F031x8\Source\KEIL_StartAsm\s
tartup_MM32F031x8.s

HardFault_Handler 00000028

Symbol: HardFault_Handler
   Definitions
      At line 136 in file ..\MM32F0xx_library\MM32F031x8\Source\KEIL_StartAsm\s
tartup_MM32F031x8.s
   Uses
      At line 39 in file ..\MM32F0xx_library\MM32F031x8\Source\KEIL_StartAsm\st
artup_MM32F031x8.s
      At line 137 in file ..\MM32F0xx_library\MM32F031x8\Source\KEIL_StartAsm\s
tartup_MM32F031x8.s

I2C1_IRQHandler 00000030

Symbol: I2C1_IRQHandler
   Definitions
      At line 201 in file ..\MM32F0xx_library\MM32F031x8\Source\KEIL_StartAsm\s
tartup_MM32F031x8.s
   Uses
      At line 77 in file ..\MM32F0xx_library\MM32F031x8\Source\KEIL_StartAsm\st
artup_MM32F031x8.s
      At line 174 in file ..\MM32F0xx_library\MM32F031x8\Source\KEIL_StartAsm\s
tartup_MM32F031x8.s

NMI_Handler 00000026

Symbol: NMI_Handler
   Definitions
      At line 131 in file ..\MM32F0xx_library\MM32F031x8\Source\KEIL_StartAsm\s
tartup_MM32F031x8.s
   Uses
      At line 38 in file ..\MM32F0xx_library\MM32F031x8\Source\KEIL_StartAsm\st
artup_MM32F031x8.s
      At line 132 in file ..\MM32F0xx_library\MM32F031x8\Source\KEIL_StartAsm\s
tartup_MM32F031x8.s

PVD_IRQHandler 00000030

Symbol: PVD_IRQHandler
   Definitions
      At line 183 in file ..\MM32F0xx_library\MM32F031x8\Source\KEIL_StartAsm\s
tartup_MM32F031x8.s
   Uses
      At line 55 in file ..\MM32F0xx_library\MM32F031x8\Source\KEIL_StartAsm\st
artup_MM32F031x8.s
      At line 156 in file ..\MM32F0xx_library\MM32F031x8\Source\KEIL_StartAsm\s
tartup_MM32F031x8.s

PendSV_Handler 0000002C

Symbol: PendSV_Handler
   Definitions
      At line 144 in file ..\MM32F0xx_library\MM32F031x8\Source\KEIL_StartAsm\s



ARM Macro Assembler    Page 4 Alphabetic symbol ordering
Relocatable symbols

tartup_MM32F031x8.s
   Uses
      At line 50 in file ..\MM32F0xx_library\MM32F031x8\Source\KEIL_StartAsm\st
artup_MM32F031x8.s
      At line 145 in file ..\MM32F0xx_library\MM32F031x8\Source\KEIL_StartAsm\s
tartup_MM32F031x8.s

RCC_CRS_IRQHandler 00000030

Symbol: RCC_CRS_IRQHandler
   Definitions
      At line 186 in file ..\MM32F0xx_library\MM32F031x8\Source\KEIL_StartAsm\s
tartup_MM32F031x8.s
   Uses
      At line 58 in file ..\MM32F0xx_library\MM32F031x8\Source\KEIL_StartAsm\st
artup_MM32F031x8.s
      At line 159 in file ..\MM32F0xx_library\MM32F031x8\Source\KEIL_StartAsm\s
tartup_MM32F031x8.s

RTC_IRQHandler 00000030

Symbol: RTC_IRQHandler
   Definitions
      At line 184 in file ..\MM32F0xx_library\MM32F031x8\Source\KEIL_StartAsm\s
tartup_MM32F031x8.s
   Uses
      At line 56 in file ..\MM32F0xx_library\MM32F031x8\Source\KEIL_StartAsm\st
artup_MM32F031x8.s
      At line 157 in file ..\MM32F0xx_library\MM32F031x8\Source\KEIL_StartAsm\s
tartup_MM32F031x8.s

Reset_Handler 00000000

Symbol: Reset_Handler
   Definitions
      At line 92 in file ..\MM32F0xx_library\MM32F031x8\Source\KEIL_StartAsm\st
artup_MM32F031x8.s
   Uses
      At line 37 in file ..\MM32F0xx_library\MM32F031x8\Source\KEIL_StartAsm\st
artup_MM32F031x8.s
      At line 93 in file ..\MM32F0xx_library\MM32F031x8\Source\KEIL_StartAsm\st
artup_MM32F031x8.s

SPI1_IRQHandler 00000030

Symbol: SPI1_IRQHandler
   Definitions
      At line 202 in file ..\MM32F0xx_library\MM32F031x8\Source\KEIL_StartAsm\s
tartup_MM32F031x8.s
   Uses
      At line 79 in file ..\MM32F0xx_library\MM32F031x8\Source\KEIL_StartAsm\st
artup_MM32F031x8.s
      At line 175 in file ..\MM32F0xx_library\MM32F031x8\Source\KEIL_StartAsm\s
tartup_MM32F031x8.s

SPI2_IRQHandler 00000030

Symbol: SPI2_IRQHandler
   Definitions



ARM Macro Assembler    Page 5 Alphabetic symbol ordering
Relocatable symbols

      At line 203 in file ..\MM32F0xx_library\MM32F031x8\Source\KEIL_StartAsm\s
tartup_MM32F031x8.s
   Uses
      At line 80 in file ..\MM32F0xx_library\MM32F031x8\Source\KEIL_StartAsm\st
artup_MM32F031x8.s
      At line 176 in file ..\MM32F0xx_library\MM32F031x8\Source\KEIL_StartAsm\s
tartup_MM32F031x8.s

SVC_Handler 0000002A

Symbol: SVC_Handler
   Definitions
      At line 140 in file ..\MM32F0xx_library\MM32F031x8\Source\KEIL_StartAsm\s
tartup_MM32F031x8.s
   Uses
      At line 47 in file ..\MM32F0xx_library\MM32F031x8\Source\KEIL_StartAsm\st
artup_MM32F031x8.s
      At line 141 in file ..\MM32F0xx_library\MM32F031x8\Source\KEIL_StartAsm\s
tartup_MM32F031x8.s

SysTick_Handler 0000002E

Symbol: SysTick_Handler
   Definitions
      At line 148 in file ..\MM32F0xx_library\MM32F031x8\Source\KEIL_StartAsm\s
tartup_MM32F031x8.s
   Uses
      At line 51 in file ..\MM32F0xx_library\MM32F031x8\Source\KEIL_StartAsm\st
artup_MM32F031x8.s
      At line 149 in file ..\MM32F0xx_library\MM32F031x8\Source\KEIL_StartAsm\s
tartup_MM32F031x8.s

TIM14_IRQHandler 00000030

Symbol: TIM14_IRQHandler
   Definitions
      At line 198 in file ..\MM32F0xx_library\MM32F031x8\Source\KEIL_StartAsm\s
tartup_MM32F031x8.s
   Uses
      At line 73 in file ..\MM32F0xx_library\MM32F031x8\Source\KEIL_StartAsm\st
artup_MM32F031x8.s
      At line 171 in file ..\MM32F0xx_library\MM32F031x8\Source\KEIL_StartAsm\s
tartup_MM32F031x8.s

TIM16_IRQHandler 00000030

Symbol: TIM16_IRQHandler
   Definitions
      At line 199 in file ..\MM32F0xx_library\MM32F031x8\Source\KEIL_StartAsm\s
tartup_MM32F031x8.s
   Uses
      At line 75 in file ..\MM32F0xx_library\MM32F031x8\Source\KEIL_StartAsm\st
artup_MM32F031x8.s
      At line 172 in file ..\MM32F0xx_library\MM32F031x8\Source\KEIL_StartAsm\s
tartup_MM32F031x8.s

TIM17_IRQHandler 00000030

Symbol: TIM17_IRQHandler



ARM Macro Assembler    Page 6 Alphabetic symbol ordering
Relocatable symbols

   Definitions
      At line 200 in file ..\MM32F0xx_library\MM32F031x8\Source\KEIL_StartAsm\s
tartup_MM32F031x8.s
   Uses
      At line 76 in file ..\MM32F0xx_library\MM32F031x8\Source\KEIL_StartAsm\st
artup_MM32F031x8.s
      At line 173 in file ..\MM32F0xx_library\MM32F031x8\Source\KEIL_StartAsm\s
tartup_MM32F031x8.s

TIM1_BRK_UP_TRG_COM_IRQHandler 00000030

Symbol: TIM1_BRK_UP_TRG_COM_IRQHandler
   Definitions
      At line 194 in file ..\MM32F0xx_library\MM32F031x8\Source\KEIL_StartAsm\s
tartup_MM32F031x8.s
   Uses
      At line 67 in file ..\MM32F0xx_library\MM32F031x8\Source\KEIL_StartAsm\st
artup_MM32F031x8.s
      At line 167 in file ..\MM32F0xx_library\MM32F031x8\Source\KEIL_StartAsm\s
tartup_MM32F031x8.s

TIM1_CC_IRQHandler 00000030

Symbol: TIM1_CC_IRQHandler
   Definitions
      At line 195 in file ..\MM32F0xx_library\MM32F031x8\Source\KEIL_StartAsm\s
tartup_MM32F031x8.s
   Uses
      At line 68 in file ..\MM32F0xx_library\MM32F031x8\Source\KEIL_StartAsm\st
artup_MM32F031x8.s
      At line 168 in file ..\MM32F0xx_library\MM32F031x8\Source\KEIL_StartAsm\s
tartup_MM32F031x8.s

TIM2_IRQHandler 00000030

Symbol: TIM2_IRQHandler
   Definitions
      At line 196 in file ..\MM32F0xx_library\MM32F031x8\Source\KEIL_StartAsm\s
tartup_MM32F031x8.s
   Uses
      At line 69 in file ..\MM32F0xx_library\MM32F031x8\Source\KEIL_StartAsm\st
artup_MM32F031x8.s
      At line 169 in file ..\MM32F0xx_library\MM32F031x8\Source\KEIL_StartAsm\s
tartup_MM32F031x8.s

TIM3_IRQHandler 00000030

Symbol: TIM3_IRQHandler
   Definitions
      At line 197 in file ..\MM32F0xx_library\MM32F031x8\Source\KEIL_StartAsm\s
tartup_MM32F031x8.s
   Uses
      At line 70 in file ..\MM32F0xx_library\MM32F031x8\Source\KEIL_StartAsm\st
artup_MM32F031x8.s
      At line 170 in file ..\MM32F0xx_library\MM32F031x8\Source\KEIL_StartAsm\s
tartup_MM32F031x8.s

UART1_IRQHandler 00000030




ARM Macro Assembler    Page 7 Alphabetic symbol ordering
Relocatable symbols

Symbol: UART1_IRQHandler
   Definitions
      At line 204 in file ..\MM32F0xx_library\MM32F031x8\Source\KEIL_StartAsm\s
tartup_MM32F031x8.s
   Uses
      At line 81 in file ..\MM32F0xx_library\MM32F031x8\Source\KEIL_StartAsm\st
artup_MM32F031x8.s
      At line 177 in file ..\MM32F0xx_library\MM32F031x8\Source\KEIL_StartAsm\s
tartup_MM32F031x8.s

UART2_IRQHandler 00000030

Symbol: UART2_IRQHandler
   Definitions
      At line 205 in file ..\MM32F0xx_library\MM32F031x8\Source\KEIL_StartAsm\s
tartup_MM32F031x8.s
   Uses
      At line 82 in file ..\MM32F0xx_library\MM32F031x8\Source\KEIL_StartAsm\st
artup_MM32F031x8.s
      At line 178 in file ..\MM32F0xx_library\MM32F031x8\Source\KEIL_StartAsm\s
tartup_MM32F031x8.s

WWDG_IRQHandler 00000030

Symbol: WWDG_IRQHandler
   Definitions
      At line 182 in file ..\MM32F0xx_library\MM32F031x8\Source\KEIL_StartAsm\s
tartup_MM32F031x8.s
   Uses
      At line 54 in file ..\MM32F0xx_library\MM32F031x8\Source\KEIL_StartAsm\st
artup_MM32F031x8.s
      At line 155 in file ..\MM32F0xx_library\MM32F031x8\Source\KEIL_StartAsm\s
tartup_MM32F031x8.s

33 symbols



ARM Macro Assembler    Page 1 Alphabetic symbol ordering
Absolute symbols

Heap_Size 00000200

Symbol: Heap_Size
   Definitions
      At line 19 in file ..\MM32F0xx_library\MM32F031x8\Source\KEIL_StartAsm\st
artup_MM32F031x8.s
   Uses
      At line 23 in file ..\MM32F0xx_library\MM32F031x8\Source\KEIL_StartAsm\st
artup_MM32F031x8.s
Comment: Heap_Size used once
Stack_Size 00000400

Symbol: Stack_Size
   Definitions
      At line 8 in file ..\MM32F0xx_library\MM32F031x8\Source\KEIL_StartAsm\sta
rtup_MM32F031x8.s
   Uses
      At line 11 in file ..\MM32F0xx_library\MM32F031x8\Source\KEIL_StartAsm\st
artup_MM32F031x8.s
Comment: Stack_Size used once
__Vectors_Size 000000B4

Symbol: __Vectors_Size
   Definitions
      At line 87 in file ..\MM32F0xx_library\MM32F031x8\Source\KEIL_StartAsm\st
artup_MM32F031x8.s
   Uses
      At line 34 in file ..\MM32F0xx_library\MM32F031x8\Source\KEIL_StartAsm\st
artup_MM32F031x8.s
Comment: __Vectors_Size used once
3 symbols



ARM Macro Assembler    Page 1 Alphabetic symbol ordering
External symbols

SystemInit 00000000

Symbol: SystemInit
   Definitions
      At line 95 in file ..\MM32F0xx_library\MM32F031x8\Source\KEIL_StartAsm\st
artup_MM32F031x8.s
   Uses
      At line 123 in file ..\MM32F0xx_library\MM32F031x8\Source\KEIL_StartAsm\s
tartup_MM32F031x8.s
Comment: SystemInit used once
__main 00000000

Symbol: __main
   Definitions
      At line 94 in file ..\MM32F0xx_library\MM32F031x8\Source\KEIL_StartAsm\st
artup_MM32F031x8.s
   Uses
      At line 125 in file ..\MM32F0xx_library\MM32F031x8\Source\KEIL_StartAsm\s
tartup_MM32F031x8.s
Comment: __main used once
2 symbols
385 symbols in table
