


ARM Macro Assembler    Page 1 


    1 00000000         ;/******************************************************
                       ***********************
    2 00000000         ; * @file:    startup_c32f0xx.s
    3 00000000         ; * @description: CMSIS Cortex-M0 Core Device Startup Fi
                       le 
    4 00000000         ; *           for the C32F0 Device Series 
    5 00000000         ; * @version: V1.0
    6 00000000         ; * @date:    4. Apr. 2014
    7 00000000         ; *-----------------------------------------------------
                       ------------------------
    8 00000000         ;
    9 00000000         ;/******************************************************
                       ***********************/
   10 00000000         ;/* Startup.s: Startup file for ARM Cortex-M0 Device Fam
                       ily                   */
   11 00000000         ;/******************************************************
                       ***********************/
   12 00000000         
   13 00000000         
   14 00000000         ;// <h> Stack Configuration
   15 00000000         ;//   <o> Stack Size (in Bytes) <0x0-0xFFFFFFFF:8>
   16 00000000         ;// </h>
   17 00000000         
   18 00000000 00000200 
                       Stack_Size
                               EQU              0x00000200
   19 00000000         
   20 00000000                 AREA             STACK, NOINIT, READWRITE, ALIGN
=3
   21 00000000         Stack_Mem
                               SPACE            Stack_Size
   22 00000200         __initial_sp
   23 00000200         
   24 00000200         
   25 00000200         ;// <h> Heap Configuration
   26 00000200         ;//   <o>  Heap Size (in Bytes) <0x0-0xFFFFFFFF:8>
   27 00000200         ;// </h>
   28 00000200         
   29 00000200 00000100 
                       Heap_Size
                               EQU              0x00000100
   30 00000200         
   31 00000200                 AREA             HEAP, NOINIT, READWRITE, ALIGN=
3
   32 00000000         __heap_base
   33 00000000         Heap_Mem
                               SPACE            Heap_Size
   34 00000100         __heap_limit
   35 00000100         
   36 00000100         
   37 00000100                 PRESERVE8
   38 00000100                 THUMB
   39 00000100         
   40 00000100         
   41 00000100         ; Vector Table Mapped to Address 0 at Reset
   42 00000100         
   43 00000100                 AREA             RESET, DATA, READONLY
   44 00000000                 EXPORT           __Vectors
   45 00000000                 EXPORT           __Vectors_End



ARM Macro Assembler    Page 2 


   46 00000000                 EXPORT           __Vectors_Size
   47 00000000         
   48 00000000 00000000 
                       __Vectors
                               DCD              __initial_sp ; Top of Stack
   49 00000004 00000000        DCD              Reset_Handler ; Reset Handler
   50 00000008 00000000        DCD              NMI_Handler ; NMI Handler
   51 0000000C 00000000        DCD              HardFault_Handler ; Hard Fault 
                                                            Handler
   52 00000010 00000000        DCD              0           ; Reserved
   53 00000014 00000000        DCD              0           ; Reserved
   54 00000018 00000000        DCD              0           ; Reserved
   55 0000001C 00000000        DCD              0           ; Reserved
   56 00000020 00000000        DCD              0           ; Reserved
   57 00000024 00000000        DCD              0           ; Reserved
   58 00000028 00000000        DCD              0           ; Reserved
   59 0000002C 00000000        DCD              SVC_Handler ; SVCall Handler
   60 00000030 00000000        DCD              0           ; Reserved
   61 00000034 00000000        DCD              0           ; Reserved
   62 00000038 00000000        DCD              PendSV_Handler ; PendSV Handler
                                                            
   63 0000003C 00000000        DCD              SysTick_Handler 
                                                            ; SysTick Handler
   64 00000040         ; External Interrupts
   65 00000040 00000000        DCD              WAKEUP_IRQHandler ; 16+ 0: Wake
                                                            up 0  Handler
   66 00000044 00000000        DCD              PWM_FAULT_IRQHandler ; 16+ 1: P
                                                            WM Fault interrupt 
                                                            Handler
   67 00000048 00000000        DCD              TWS_IRQHandler ; 16+ 2: TWS int
                                                            errupt Handler
   68 0000004C 00000000        DCD              TIMER16_0_IRQHandler ; 16+3, 16
                                                            -bit Timer0 Interru
                                                            pt Handler 
   69 00000050 00000000        DCD              TIMER16_1_IRQHandler ; 16+4, 16
                                                            -bit Timer1 Interru
                                                            pt Handler
   70 00000054 00000000        DCD              TIMER16_2_IRQHandler ; 16+5,  1
                                                            6-bit Timer2 Interr
                                                            upt Handler
   71 00000058 00000000        DCD              TIMER16_3_IRQHandler ; 16+6,  1
                                                            6-bit Timer3 Interr
                                                            upt Handler
   72 0000005C 00000000        DCD              UART0_IRQHandler ; 16+7,  UART0
                                                             Interrupt Handler 
                                                              
   73 00000060 00000000        DCD              UART1_IRQHandler ; 16+8,  UART1
                                                             Interrupt Handler 
                                                               
   74 00000064 00000000        DCD              ADC_IRQHandler ; 16+9,  A/D Con
                                                            verter Interrupt Ha
                                                            ndler
   75 00000068 00000000        DCD              WDT_IRQHandler ; 16+10,  Watchd
                                                            og timer Interrupt 
                                                            Handler   
   76 0000006C 00000000        DCD              BOD_IRQHandler ; 16+11, Brown O
                                                            ut Detect(BOD) Inte
                                                            rrupt Handler
   77 00000070 00000000        DCD              GPIOA_IRQHandler ; 16+12, Exter



ARM Macro Assembler    Page 3 


                                                            nal Interrupt 0 Int
                                                            errupt Handler
   78 00000074 00000000        DCD              GPIOB_IRQHandler ; 16+13, Exter
                                                            nal Interrupt 1 Int
                                                            errupt Handler
   79 00000078 00000000        DCD              GPIOC_IRQHandler ; 16+14, Exter
                                                            nal Interrupt 2 Int
                                                            errupt Handler
   80 0000007C 00000000        DCD              RTC_IRQHandler ; 16+15, RTC Int
                                                            errupt Handler     
                                                                  
   81 00000080 00000000        DCD              SPI_IRQHandler ; 16+16, SSP Int
                                                            errupt Handler     
                                                                  
   82 00000084 00000000        DCD              PWM_TIMER_IRQHandler ; 16+17, P
                                                            WM Timer Interrupt 
                                                            Handler     
   83 00000088 00000000        DCD              0           ; 16+18: Reserved  
                                                                          
   84 0000008C 00000000        DCD              0           ; 16+19: : Reserved
                                                            
   85 00000090 00000000        DCD              0           ; 16+20: Reserved  
                                                                          
   86 00000094 00000000        DCD              0           ; 16+21: Reserved
   87 00000098 00000000        DCD              0           ; 16+22: Reserved  
                                                                          
   88 0000009C 00000000        DCD              0           ; 16+23: Reserved
   89 000000A0 00000000        DCD              0           ; 16+24: Reserved
   90 000000A4 00000000        DCD              0           ; 16+25: Reserved
   91 000000A8 00000000        DCD              0           ; 16+26: Reserved
   92 000000AC 00000000        DCD              0           ; 16+27: Reserved
   93 000000B0 00000000        DCD              0           ; 16+28: Reserved
   94 000000B4 00000000        DCD              0           ; 16+29: Reserved
   95 000000B8 00000000        DCD              0           ; 16+30: Reserved
   96 000000BC 00000000        DCD              0           ; 16+31: Reserved  
                                                             
   97 000000C0         
   98 000000C0         __Vectors_End
   99 000000C0         
  100 000000C0 000000C0 
                       __Vectors_Size
                               EQU              __Vectors_End - __Vectors
  101 000000C0                 AREA             |.text|, CODE, READONLY
  102 00000000         
  103 00000000         
  104 00000000         ; Reset Handler
  105 00000000         
  106 00000000         Reset_Handler
                               PROC
  107 00000000                 EXPORT           Reset_Handler             [WEAK
]
  108 00000000                 IMPORT           __main
  109 00000000 4803            LDR              R0, =__main
  110 00000002 4700            BX               R0
  111 00000004                 ENDP
  112 00000004         
  113 00000004         
  114 00000004         ; Dummy Exception Handlers (infinite loops which can be 
                       modified)



ARM Macro Assembler    Page 4 


  115 00000004         
  116 00000004         NMI_Handler
                               PROC
  117 00000004                 EXPORT           NMI_Handler               [WEAK
]
  118 00000004 E7FE            B                .
  119 00000006                 ENDP
  120 00000006         HardFault_Handler
                               PROC
  121 00000006                 EXPORT           HardFault_Handler         [WEAK
]
  122 00000006 E7FE            B                .
  123 00000008                 ENDP
  124 00000008         SVC_Handler
                               PROC
  125 00000008                 EXPORT           SVC_Handler               [WEAK
]
  126 00000008 E7FE            B                .
  127 0000000A                 ENDP
  128 0000000A         PendSV_Handler
                               PROC
  129 0000000A                 EXPORT           PendSV_Handler            [WEAK
]
  130 0000000A E7FE            B                .
  131 0000000C                 ENDP
  132 0000000C         SysTick_Handler
                               PROC
  133 0000000C                 EXPORT           SysTick_Handler            [WEA
K]
  134 0000000C E7FE            B                .
  135 0000000E                 ENDP
  136 0000000E         Default_Handler
                               PROC
  137 0000000E                 EXPORT           NMI_Handler               [WEAK
]
  138 0000000E                 EXPORT           WAKEUP_IRQHandler         [WEAK
]
  139 0000000E                 EXPORT           PWM_FAULT_IRQHandler           
[WEAK]
  140 0000000E                 EXPORT           TWS_IRQHandler           [WEAK]
  141 0000000E                 EXPORT           TIMER16_0_IRQHandler      [WEAK
]
  142 0000000E                 EXPORT           TIMER16_1_IRQHandler      [WEAK
]
  143 0000000E                 EXPORT           TIMER16_2_IRQHandler      [WEAK
]
  144 0000000E                 EXPORT           TIMER16_3_IRQHandler      [WEAK
]
  145 0000000E                 EXPORT           UART0_IRQHandler          [WEAK
]
  146 0000000E                 EXPORT           UART1_IRQHandler          [WEAK
]
  147 0000000E                 EXPORT           ADC_IRQHandler           [WEAK]
  148 0000000E                 EXPORT           WDT_IRQHandler            [WEAK
]
  149 0000000E                 EXPORT           BOD_IRQHandler            [WEAK
]
  150 0000000E                 EXPORT           GPIOA_IRQHandler          [WEAK
]



ARM Macro Assembler    Page 5 


  151 0000000E                 EXPORT           GPIOB_IRQHandler          [WEAK
]
  152 0000000E                 EXPORT           GPIOC_IRQHandler          [WEAK
]
  153 0000000E                 EXPORT           RTC_IRQHandler            [WEAK
]
  154 0000000E                 EXPORT           SPI_IRQHandler            [WEAK
]
  155 0000000E                 EXPORT           PWM_TIMER_IRQHandler           
 [WEAK]
  156 0000000E         
  157 0000000E         
  158 0000000E         WAKEUP_IRQHandler
  159 0000000E         PWM_FAULT_IRQHandler
  160 0000000E         TWS_IRQHandler
  161 0000000E         TIMER16_0_IRQHandler
  162 0000000E         TIMER16_1_IRQHandler
  163 0000000E         TIMER16_2_IRQHandler
  164 0000000E         TIMER16_3_IRQHandler
  165 0000000E         UART0_IRQHandler
  166 0000000E         UART1_IRQHandler
  167 0000000E         ADC_IRQHandler
  168 0000000E         WDT_IRQHandler
  169 0000000E         BOD_IRQHandler
  170 0000000E         GPIOA_IRQHandler
  171 0000000E         GPIOB_IRQHandler
  172 0000000E         GPIOC_IRQHandler
  173 0000000E         RTC_IRQHandler
  174 0000000E         SPI_IRQHandler
  175 0000000E         PWM_TIMER_IRQHandler
  176 0000000E         
  177 0000000E E7FE            B                .
  178 00000010                 ENDP
  179 00000010         
  180 00000010                 ALIGN
  181 00000010         
  182 00000010         
  183 00000010         ; User Initial Stack & Heap
  184 00000010         
  185 00000010                 IF               :DEF:__MICROLIB
  186 00000010         
  187 00000010                 EXPORT           __initial_sp
  188 00000010                 EXPORT           __heap_base
  189 00000010                 EXPORT           __heap_limit
  190 00000010         
  191 00000010                 ELSE
  205                          ENDIF
  206 00000010         
  207 00000010         
  208 00000010                 END
              00000000 
Command Line: --debug --xref --cpu=Cortex-M0 --apcs=interwork --depend=..\outpu
t\startup_c32f0xx_s.d -o..\output\startup_c32f0xx_s.o -IC:\Users\miaojl\Documen
ts\GitHub\jy-zb-mcu\project\RTE -IC:\Keil_v5\ARM\PACK\ARM\CMSIS\4.1.0\CMSIS\Inc
lude -IC:\Keil_v5\ARM\PACK\ARM\CMSIS\4.1.0\Device\ARM\ARMCM0\Include --predefin
e="__MICROLIB SETA 1" --list=.\listings\startup_c32f0xx_s.lst ..\C32F0xx_librar
y\Core\CM0\DeviceSupport\C32F0xx\startup\arm\startup_c32f0xx_s.s



ARM Macro Assembler    Page 1 Alphabetic symbol ordering
Relocatable symbols

STACK 00000000

Symbol: STACK
   Definitions
      At line 20 in file ..\C32F0xx_library\Core\CM0\DeviceSupport\C32F0xx\star
tup\arm\startup_c32f0xx_s.s
   Uses
      None
Comment: STACK unused
Stack_Mem 00000000

Symbol: Stack_Mem
   Definitions
      At line 21 in file ..\C32F0xx_library\Core\CM0\DeviceSupport\C32F0xx\star
tup\arm\startup_c32f0xx_s.s
   Uses
      None
Comment: Stack_Mem unused
__initial_sp 00000200

Symbol: __initial_sp
   Definitions
      At line 22 in file ..\C32F0xx_library\Core\CM0\DeviceSupport\C32F0xx\star
tup\arm\startup_c32f0xx_s.s
   Uses
      At line 48 in file ..\C32F0xx_library\Core\CM0\DeviceSupport\C32F0xx\star
tup\arm\startup_c32f0xx_s.s
      At line 187 in file ..\C32F0xx_library\Core\CM0\DeviceSupport\C32F0xx\sta
rtup\arm\startup_c32f0xx_s.s

3 symbols



ARM Macro Assembler    Page 1 Alphabetic symbol ordering
Relocatable symbols

HEAP 00000000

Symbol: HEAP
   Definitions
      At line 31 in file ..\C32F0xx_library\Core\CM0\DeviceSupport\C32F0xx\star
tup\arm\startup_c32f0xx_s.s
   Uses
      None
Comment: HEAP unused
Heap_Mem 00000000

Symbol: Heap_Mem
   Definitions
      At line 33 in file ..\C32F0xx_library\Core\CM0\DeviceSupport\C32F0xx\star
tup\arm\startup_c32f0xx_s.s
   Uses
      None
Comment: Heap_Mem unused
__heap_base 00000000

Symbol: __heap_base
   Definitions
      At line 32 in file ..\C32F0xx_library\Core\CM0\DeviceSupport\C32F0xx\star
tup\arm\startup_c32f0xx_s.s
   Uses
      At line 188 in file ..\C32F0xx_library\Core\CM0\DeviceSupport\C32F0xx\sta
rtup\arm\startup_c32f0xx_s.s
Comment: __heap_base used once
__heap_limit 00000100

Symbol: __heap_limit
   Definitions
      At line 34 in file ..\C32F0xx_library\Core\CM0\DeviceSupport\C32F0xx\star
tup\arm\startup_c32f0xx_s.s
   Uses
      At line 189 in file ..\C32F0xx_library\Core\CM0\DeviceSupport\C32F0xx\sta
rtup\arm\startup_c32f0xx_s.s
Comment: __heap_limit used once
4 symbols



ARM Macro Assembler    Page 1 Alphabetic symbol ordering
Relocatable symbols

RESET 00000000

Symbol: RESET
   Definitions
      At line 43 in file ..\C32F0xx_library\Core\CM0\DeviceSupport\C32F0xx\star
tup\arm\startup_c32f0xx_s.s
   Uses
      None
Comment: RESET unused
__Vectors 00000000

Symbol: __Vectors
   Definitions
      At line 48 in file ..\C32F0xx_library\Core\CM0\DeviceSupport\C32F0xx\star
tup\arm\startup_c32f0xx_s.s
   Uses
      At line 44 in file ..\C32F0xx_library\Core\CM0\DeviceSupport\C32F0xx\star
tup\arm\startup_c32f0xx_s.s
      At line 100 in file ..\C32F0xx_library\Core\CM0\DeviceSupport\C32F0xx\sta
rtup\arm\startup_c32f0xx_s.s

__Vectors_End 000000C0

Symbol: __Vectors_End
   Definitions
      At line 98 in file ..\C32F0xx_library\Core\CM0\DeviceSupport\C32F0xx\star
tup\arm\startup_c32f0xx_s.s
   Uses
      At line 45 in file ..\C32F0xx_library\Core\CM0\DeviceSupport\C32F0xx\star
tup\arm\startup_c32f0xx_s.s
      At line 100 in file ..\C32F0xx_library\Core\CM0\DeviceSupport\C32F0xx\sta
rtup\arm\startup_c32f0xx_s.s

3 symbols



ARM Macro Assembler    Page 1 Alphabetic symbol ordering
Relocatable symbols

.text 00000000

Symbol: .text
   Definitions
      At line 101 in file ..\C32F0xx_library\Core\CM0\DeviceSupport\C32F0xx\sta
rtup\arm\startup_c32f0xx_s.s
   Uses
      None
Comment: .text unused
ADC_IRQHandler 0000000E

Symbol: ADC_IRQHandler
   Definitions
      At line 167 in file ..\C32F0xx_library\Core\CM0\DeviceSupport\C32F0xx\sta
rtup\arm\startup_c32f0xx_s.s
   Uses
      At line 74 in file ..\C32F0xx_library\Core\CM0\DeviceSupport\C32F0xx\star
tup\arm\startup_c32f0xx_s.s
      At line 147 in file ..\C32F0xx_library\Core\CM0\DeviceSupport\C32F0xx\sta
rtup\arm\startup_c32f0xx_s.s

BOD_IRQHandler 0000000E

Symbol: BOD_IRQHandler
   Definitions
      At line 169 in file ..\C32F0xx_library\Core\CM0\DeviceSupport\C32F0xx\sta
rtup\arm\startup_c32f0xx_s.s
   Uses
      At line 76 in file ..\C32F0xx_library\Core\CM0\DeviceSupport\C32F0xx\star
tup\arm\startup_c32f0xx_s.s
      At line 149 in file ..\C32F0xx_library\Core\CM0\DeviceSupport\C32F0xx\sta
rtup\arm\startup_c32f0xx_s.s

Default_Handler 0000000E

Symbol: Default_Handler
   Definitions
      At line 136 in file ..\C32F0xx_library\Core\CM0\DeviceSupport\C32F0xx\sta
rtup\arm\startup_c32f0xx_s.s
   Uses
      None
Comment: Default_Handler unused
GPIOA_IRQHandler 0000000E

Symbol: GPIOA_IRQHandler
   Definitions
      At line 170 in file ..\C32F0xx_library\Core\CM0\DeviceSupport\C32F0xx\sta
rtup\arm\startup_c32f0xx_s.s
   Uses
      At line 77 in file ..\C32F0xx_library\Core\CM0\DeviceSupport\C32F0xx\star
tup\arm\startup_c32f0xx_s.s
      At line 150 in file ..\C32F0xx_library\Core\CM0\DeviceSupport\C32F0xx\sta
rtup\arm\startup_c32f0xx_s.s

GPIOB_IRQHandler 0000000E

Symbol: GPIOB_IRQHandler
   Definitions
      At line 171 in file ..\C32F0xx_library\Core\CM0\DeviceSupport\C32F0xx\sta



ARM Macro Assembler    Page 2 Alphabetic symbol ordering
Relocatable symbols

rtup\arm\startup_c32f0xx_s.s
   Uses
      At line 78 in file ..\C32F0xx_library\Core\CM0\DeviceSupport\C32F0xx\star
tup\arm\startup_c32f0xx_s.s
      At line 151 in file ..\C32F0xx_library\Core\CM0\DeviceSupport\C32F0xx\sta
rtup\arm\startup_c32f0xx_s.s

GPIOC_IRQHandler 0000000E

Symbol: GPIOC_IRQHandler
   Definitions
      At line 172 in file ..\C32F0xx_library\Core\CM0\DeviceSupport\C32F0xx\sta
rtup\arm\startup_c32f0xx_s.s
   Uses
      At line 79 in file ..\C32F0xx_library\Core\CM0\DeviceSupport\C32F0xx\star
tup\arm\startup_c32f0xx_s.s
      At line 152 in file ..\C32F0xx_library\Core\CM0\DeviceSupport\C32F0xx\sta
rtup\arm\startup_c32f0xx_s.s

HardFault_Handler 00000006

Symbol: HardFault_Handler
   Definitions
      At line 120 in file ..\C32F0xx_library\Core\CM0\DeviceSupport\C32F0xx\sta
rtup\arm\startup_c32f0xx_s.s
   Uses
      At line 51 in file ..\C32F0xx_library\Core\CM0\DeviceSupport\C32F0xx\star
tup\arm\startup_c32f0xx_s.s
      At line 121 in file ..\C32F0xx_library\Core\CM0\DeviceSupport\C32F0xx\sta
rtup\arm\startup_c32f0xx_s.s

NMI_Handler 00000004

Symbol: NMI_Handler
   Definitions
      At line 116 in file ..\C32F0xx_library\Core\CM0\DeviceSupport\C32F0xx\sta
rtup\arm\startup_c32f0xx_s.s
   Uses
      At line 50 in file ..\C32F0xx_library\Core\CM0\DeviceSupport\C32F0xx\star
tup\arm\startup_c32f0xx_s.s
      At line 117 in file ..\C32F0xx_library\Core\CM0\DeviceSupport\C32F0xx\sta
rtup\arm\startup_c32f0xx_s.s
      At line 137 in file ..\C32F0xx_library\Core\CM0\DeviceSupport\C32F0xx\sta
rtup\arm\startup_c32f0xx_s.s

PWM_FAULT_IRQHandler 0000000E

Symbol: PWM_FAULT_IRQHandler
   Definitions
      At line 159 in file ..\C32F0xx_library\Core\CM0\DeviceSupport\C32F0xx\sta
rtup\arm\startup_c32f0xx_s.s
   Uses
      At line 66 in file ..\C32F0xx_library\Core\CM0\DeviceSupport\C32F0xx\star
tup\arm\startup_c32f0xx_s.s
      At line 139 in file ..\C32F0xx_library\Core\CM0\DeviceSupport\C32F0xx\sta
rtup\arm\startup_c32f0xx_s.s

PWM_TIMER_IRQHandler 0000000E




ARM Macro Assembler    Page 3 Alphabetic symbol ordering
Relocatable symbols

Symbol: PWM_TIMER_IRQHandler
   Definitions
      At line 175 in file ..\C32F0xx_library\Core\CM0\DeviceSupport\C32F0xx\sta
rtup\arm\startup_c32f0xx_s.s
   Uses
      At line 82 in file ..\C32F0xx_library\Core\CM0\DeviceSupport\C32F0xx\star
tup\arm\startup_c32f0xx_s.s
      At line 155 in file ..\C32F0xx_library\Core\CM0\DeviceSupport\C32F0xx\sta
rtup\arm\startup_c32f0xx_s.s

PendSV_Handler 0000000A

Symbol: PendSV_Handler
   Definitions
      At line 128 in file ..\C32F0xx_library\Core\CM0\DeviceSupport\C32F0xx\sta
rtup\arm\startup_c32f0xx_s.s
   Uses
      At line 62 in file ..\C32F0xx_library\Core\CM0\DeviceSupport\C32F0xx\star
tup\arm\startup_c32f0xx_s.s
      At line 129 in file ..\C32F0xx_library\Core\CM0\DeviceSupport\C32F0xx\sta
rtup\arm\startup_c32f0xx_s.s

RTC_IRQHandler 0000000E

Symbol: RTC_IRQHandler
   Definitions
      At line 173 in file ..\C32F0xx_library\Core\CM0\DeviceSupport\C32F0xx\sta
rtup\arm\startup_c32f0xx_s.s
   Uses
      At line 80 in file ..\C32F0xx_library\Core\CM0\DeviceSupport\C32F0xx\star
tup\arm\startup_c32f0xx_s.s
      At line 153 in file ..\C32F0xx_library\Core\CM0\DeviceSupport\C32F0xx\sta
rtup\arm\startup_c32f0xx_s.s

Reset_Handler 00000000

Symbol: Reset_Handler
   Definitions
      At line 106 in file ..\C32F0xx_library\Core\CM0\DeviceSupport\C32F0xx\sta
rtup\arm\startup_c32f0xx_s.s
   Uses
      At line 49 in file ..\C32F0xx_library\Core\CM0\DeviceSupport\C32F0xx\star
tup\arm\startup_c32f0xx_s.s
      At line 107 in file ..\C32F0xx_library\Core\CM0\DeviceSupport\C32F0xx\sta
rtup\arm\startup_c32f0xx_s.s

SPI_IRQHandler 0000000E

Symbol: SPI_IRQHandler
   Definitions
      At line 174 in file ..\C32F0xx_library\Core\CM0\DeviceSupport\C32F0xx\sta
rtup\arm\startup_c32f0xx_s.s
   Uses
      At line 81 in file ..\C32F0xx_library\Core\CM0\DeviceSupport\C32F0xx\star
tup\arm\startup_c32f0xx_s.s
      At line 154 in file ..\C32F0xx_library\Core\CM0\DeviceSupport\C32F0xx\sta
rtup\arm\startup_c32f0xx_s.s

SVC_Handler 00000008



ARM Macro Assembler    Page 4 Alphabetic symbol ordering
Relocatable symbols


Symbol: SVC_Handler
   Definitions
      At line 124 in file ..\C32F0xx_library\Core\CM0\DeviceSupport\C32F0xx\sta
rtup\arm\startup_c32f0xx_s.s
   Uses
      At line 59 in file ..\C32F0xx_library\Core\CM0\DeviceSupport\C32F0xx\star
tup\arm\startup_c32f0xx_s.s
      At line 125 in file ..\C32F0xx_library\Core\CM0\DeviceSupport\C32F0xx\sta
rtup\arm\startup_c32f0xx_s.s

SysTick_Handler 0000000C

Symbol: SysTick_Handler
   Definitions
      At line 132 in file ..\C32F0xx_library\Core\CM0\DeviceSupport\C32F0xx\sta
rtup\arm\startup_c32f0xx_s.s
   Uses
      At line 63 in file ..\C32F0xx_library\Core\CM0\DeviceSupport\C32F0xx\star
tup\arm\startup_c32f0xx_s.s
      At line 133 in file ..\C32F0xx_library\Core\CM0\DeviceSupport\C32F0xx\sta
rtup\arm\startup_c32f0xx_s.s

TIMER16_0_IRQHandler 0000000E

Symbol: TIMER16_0_IRQHandler
   Definitions
      At line 161 in file ..\C32F0xx_library\Core\CM0\DeviceSupport\C32F0xx\sta
rtup\arm\startup_c32f0xx_s.s
   Uses
      At line 68 in file ..\C32F0xx_library\Core\CM0\DeviceSupport\C32F0xx\star
tup\arm\startup_c32f0xx_s.s
      At line 141 in file ..\C32F0xx_library\Core\CM0\DeviceSupport\C32F0xx\sta
rtup\arm\startup_c32f0xx_s.s

TIMER16_1_IRQHandler 0000000E

Symbol: TIMER16_1_IRQHandler
   Definitions
      At line 162 in file ..\C32F0xx_library\Core\CM0\DeviceSupport\C32F0xx\sta
rtup\arm\startup_c32f0xx_s.s
   Uses
      At line 69 in file ..\C32F0xx_library\Core\CM0\DeviceSupport\C32F0xx\star
tup\arm\startup_c32f0xx_s.s
      At line 142 in file ..\C32F0xx_library\Core\CM0\DeviceSupport\C32F0xx\sta
rtup\arm\startup_c32f0xx_s.s

TIMER16_2_IRQHandler 0000000E

Symbol: TIMER16_2_IRQHandler
   Definitions
      At line 163 in file ..\C32F0xx_library\Core\CM0\DeviceSupport\C32F0xx\sta
rtup\arm\startup_c32f0xx_s.s
   Uses
      At line 70 in file ..\C32F0xx_library\Core\CM0\DeviceSupport\C32F0xx\star
tup\arm\startup_c32f0xx_s.s
      At line 143 in file ..\C32F0xx_library\Core\CM0\DeviceSupport\C32F0xx\sta
rtup\arm\startup_c32f0xx_s.s




ARM Macro Assembler    Page 5 Alphabetic symbol ordering
Relocatable symbols

TIMER16_3_IRQHandler 0000000E

Symbol: TIMER16_3_IRQHandler
   Definitions
      At line 164 in file ..\C32F0xx_library\Core\CM0\DeviceSupport\C32F0xx\sta
rtup\arm\startup_c32f0xx_s.s
   Uses
      At line 71 in file ..\C32F0xx_library\Core\CM0\DeviceSupport\C32F0xx\star
tup\arm\startup_c32f0xx_s.s
      At line 144 in file ..\C32F0xx_library\Core\CM0\DeviceSupport\C32F0xx\sta
rtup\arm\startup_c32f0xx_s.s

TWS_IRQHandler 0000000E

Symbol: TWS_IRQHandler
   Definitions
      At line 160 in file ..\C32F0xx_library\Core\CM0\DeviceSupport\C32F0xx\sta
rtup\arm\startup_c32f0xx_s.s
   Uses
      At line 67 in file ..\C32F0xx_library\Core\CM0\DeviceSupport\C32F0xx\star
tup\arm\startup_c32f0xx_s.s
      At line 140 in file ..\C32F0xx_library\Core\CM0\DeviceSupport\C32F0xx\sta
rtup\arm\startup_c32f0xx_s.s

UART0_IRQHandler 0000000E

Symbol: UART0_IRQHandler
   Definitions
      At line 165 in file ..\C32F0xx_library\Core\CM0\DeviceSupport\C32F0xx\sta
rtup\arm\startup_c32f0xx_s.s
   Uses
      At line 72 in file ..\C32F0xx_library\Core\CM0\DeviceSupport\C32F0xx\star
tup\arm\startup_c32f0xx_s.s
      At line 145 in file ..\C32F0xx_library\Core\CM0\DeviceSupport\C32F0xx\sta
rtup\arm\startup_c32f0xx_s.s

UART1_IRQHandler 0000000E

Symbol: UART1_IRQHandler
   Definitions
      At line 166 in file ..\C32F0xx_library\Core\CM0\DeviceSupport\C32F0xx\sta
rtup\arm\startup_c32f0xx_s.s
   Uses
      At line 73 in file ..\C32F0xx_library\Core\CM0\DeviceSupport\C32F0xx\star
tup\arm\startup_c32f0xx_s.s
      At line 146 in file ..\C32F0xx_library\Core\CM0\DeviceSupport\C32F0xx\sta
rtup\arm\startup_c32f0xx_s.s

WAKEUP_IRQHandler 0000000E

Symbol: WAKEUP_IRQHandler
   Definitions
      At line 158 in file ..\C32F0xx_library\Core\CM0\DeviceSupport\C32F0xx\sta
rtup\arm\startup_c32f0xx_s.s
   Uses
      At line 65 in file ..\C32F0xx_library\Core\CM0\DeviceSupport\C32F0xx\star
tup\arm\startup_c32f0xx_s.s
      At line 138 in file ..\C32F0xx_library\Core\CM0\DeviceSupport\C32F0xx\sta
rtup\arm\startup_c32f0xx_s.s



ARM Macro Assembler    Page 6 Alphabetic symbol ordering
Relocatable symbols


WDT_IRQHandler 0000000E

Symbol: WDT_IRQHandler
   Definitions
      At line 168 in file ..\C32F0xx_library\Core\CM0\DeviceSupport\C32F0xx\sta
rtup\arm\startup_c32f0xx_s.s
   Uses
      At line 75 in file ..\C32F0xx_library\Core\CM0\DeviceSupport\C32F0xx\star
tup\arm\startup_c32f0xx_s.s
      At line 148 in file ..\C32F0xx_library\Core\CM0\DeviceSupport\C32F0xx\sta
rtup\arm\startup_c32f0xx_s.s

26 symbols



ARM Macro Assembler    Page 1 Alphabetic symbol ordering
Absolute symbols

Heap_Size 00000100

Symbol: Heap_Size
   Definitions
      At line 29 in file ..\C32F0xx_library\Core\CM0\DeviceSupport\C32F0xx\star
tup\arm\startup_c32f0xx_s.s
   Uses
      At line 33 in file ..\C32F0xx_library\Core\CM0\DeviceSupport\C32F0xx\star
tup\arm\startup_c32f0xx_s.s
Comment: Heap_Size used once
Stack_Size 00000200

Symbol: Stack_Size
   Definitions
      At line 18 in file ..\C32F0xx_library\Core\CM0\DeviceSupport\C32F0xx\star
tup\arm\startup_c32f0xx_s.s
   Uses
      At line 21 in file ..\C32F0xx_library\Core\CM0\DeviceSupport\C32F0xx\star
tup\arm\startup_c32f0xx_s.s
Comment: Stack_Size used once
__Vectors_Size 000000C0

Symbol: __Vectors_Size
   Definitions
      At line 100 in file ..\C32F0xx_library\Core\CM0\DeviceSupport\C32F0xx\sta
rtup\arm\startup_c32f0xx_s.s
   Uses
      At line 46 in file ..\C32F0xx_library\Core\CM0\DeviceSupport\C32F0xx\star
tup\arm\startup_c32f0xx_s.s
Comment: __Vectors_Size used once
3 symbols



ARM Macro Assembler    Page 1 Alphabetic symbol ordering
External symbols

__main 00000000

Symbol: __main
   Definitions
      At line 108 in file ..\C32F0xx_library\Core\CM0\DeviceSupport\C32F0xx\sta
rtup\arm\startup_c32f0xx_s.s
   Uses
      At line 109 in file ..\C32F0xx_library\Core\CM0\DeviceSupport\C32F0xx\sta
rtup\arm\startup_c32f0xx_s.s
Comment: __main used once
1 symbol
373 symbols in table
